<?xml version="1.0" encoding="UTF-8"?>
<testng-results ignored="0" total="13" passed="11" failed="2" skipped="0">
  <reporter-output>
  </reporter-output>
  <suite started-at="2022-12-31T06:18:31 PST" name="PurnaData Automation Suite" finished-at="2022-12-31T06:20:19 PST" duration-ms="107833">
    <groups>
    </groups>
    <test started-at="2022-12-31T06:18:31 PST" name="PurnaData Tests" finished-at="2022-12-31T06:20:19 PST" duration-ms="107833">
      <class name="com.purnadata.qa.testcases.SalesModule">
        <test-method is-config="true" signature="setup()[pri:0, instance:com.purnadata.qa.testcases.SalesModule@2d710f1a]" started-at="2022-12-31T06:20:05 PST" name="setup" finished-at="2022-12-31T06:20:10 PST" duration-ms="5181" status="PASS">
          <reporter-output>
          </reporter-output>
        </test-method> <!-- setup -->
        <test-method signature="verifySalesModuleDisplayFourModule()[pri:1, instance:com.purnadata.qa.testcases.SalesModule@2d710f1a]" started-at="2022-12-31T06:20:10 PST" name="verifySalesModuleDisplayFourModule" finished-at="2022-12-31T06:20:13 PST" duration-ms="2599" status="PASS">
          <reporter-output>
          </reporter-output>
        </test-method> <!-- verifySalesModuleDisplayFourModule -->
        <test-method is-config="true" signature="tearDown()[pri:0, instance:com.purnadata.qa.testcases.SalesModule@2d710f1a]" started-at="2022-12-31T06:20:13 PST" name="tearDown" finished-at="2022-12-31T06:20:13 PST" duration-ms="324" status="PASS">
          <reporter-output>
          </reporter-output>
        </test-method> <!-- tearDown -->
        <test-method is-config="true" signature="setup()[pri:0, instance:com.purnadata.qa.testcases.SalesModule@2d710f1a]" started-at="2022-12-31T06:20:13 PST" name="setup" finished-at="2022-12-31T06:20:16 PST" duration-ms="2785" status="PASS">
          <reporter-output>
          </reporter-output>
        </test-method> <!-- setup -->
        <test-method signature="verifySalesInvoiceNevigateToDetailsPage()[pri:2, instance:com.purnadata.qa.testcases.SalesModule@2d710f1a]" started-at="2022-12-31T06:20:16 PST" name="verifySalesInvoiceNevigateToDetailsPage" finished-at="2022-12-31T06:20:19 PST" duration-ms="2916" status="PASS">
          <reporter-output>
          </reporter-output>
        </test-method> <!-- verifySalesInvoiceNevigateToDetailsPage -->
        <test-method is-config="true" signature="tearDown()[pri:0, instance:com.purnadata.qa.testcases.SalesModule@2d710f1a]" started-at="2022-12-31T06:20:19 PST" name="tearDown" finished-at="2022-12-31T06:20:19 PST" duration-ms="287" status="PASS">
          <reporter-output>
          </reporter-output>
        </test-method> <!-- tearDown -->
      </class> <!-- com.purnadata.qa.testcases.SalesModule -->
      <class name="com.purnadata.qa.testcases.Login">
        <test-method is-config="true" signature="setup()[pri:0, instance:com.purnadata.qa.testcases.Login@52af26ee]" started-at="2022-12-31T06:18:33 PST" name="setup" finished-at="2022-12-31T06:18:41 PST" duration-ms="7501" status="PASS">
          <reporter-output>
          </reporter-output>
        </test-method> <!-- setup -->
        <test-method signature="verifyLoginWithValidCredentials(java.lang.String,java.lang.String)[pri:1, instance:com.purnadata.qa.testcases.Login@52af26ee]" started-at="2022-12-31T06:18:41 PST" name="verifyLoginWithValidCredentials" data-provider="validCredentialsSupplier" finished-at="2022-12-31T06:18:44 PST" duration-ms="2824" status="PASS">
          <params>
            <param index="0">
              <value>
                <![CDATA[admin]]>
              </value>
            </param>
            <param index="1">
              <value>
                <![CDATA[admin]]>
              </value>
            </param>
          </params>
          <reporter-output>
          </reporter-output>
        </test-method> <!-- verifyLoginWithValidCredentials -->
        <test-method is-config="true" signature="tearDown()[pri:0, instance:com.purnadata.qa.testcases.Login@52af26ee]" started-at="2022-12-31T06:18:44 PST" name="tearDown" finished-at="2022-12-31T06:18:44 PST" duration-ms="471" status="PASS">
          <reporter-output>
          </reporter-output>
        </test-method> <!-- tearDown -->
        <test-method is-config="true" signature="setup()[pri:0, instance:com.purnadata.qa.testcases.Login@52af26ee]" started-at="2022-12-31T06:18:44 PST" name="setup" finished-at="2022-12-31T06:18:47 PST" duration-ms="3047" status="PASS">
          <reporter-output>
          </reporter-output>
        </test-method> <!-- setup -->
        <test-method signature="verifyLoginWithValidCredentials(java.lang.String,java.lang.String)[pri:1, instance:com.purnadata.qa.testcases.Login@52af26ee]" started-at="2022-12-31T06:18:47 PST" name="verifyLoginWithValidCredentials" data-provider="validCredentialsSupplier" finished-at="2022-12-31T06:18:51 PST" duration-ms="3242" status="PASS">
          <params>
            <param index="0">
              <value>
                <![CDATA[admin]]>
              </value>
            </param>
            <param index="1">
              <value>
                <![CDATA[admin]]>
              </value>
            </param>
          </params>
          <reporter-output>
          </reporter-output>
        </test-method> <!-- verifyLoginWithValidCredentials -->
        <test-method is-config="true" signature="tearDown()[pri:0, instance:com.purnadata.qa.testcases.Login@52af26ee]" started-at="2022-12-31T06:18:51 PST" name="tearDown" finished-at="2022-12-31T06:18:51 PST" duration-ms="489" status="PASS">
          <reporter-output>
          </reporter-output>
        </test-method> <!-- tearDown -->
        <test-method is-config="true" signature="setup()[pri:0, instance:com.purnadata.qa.testcases.Login@52af26ee]" started-at="2022-12-31T06:18:51 PST" name="setup" finished-at="2022-12-31T06:18:54 PST" duration-ms="2878" status="PASS">
          <reporter-output>
          </reporter-output>
        </test-method> <!-- setup -->
        <test-method signature="verifyLoginWithValidCredentials(java.lang.String,java.lang.String)[pri:1, instance:com.purnadata.qa.testcases.Login@52af26ee]" started-at="2022-12-31T06:18:54 PST" name="verifyLoginWithValidCredentials" data-provider="validCredentialsSupplier" finished-at="2022-12-31T06:18:57 PST" duration-ms="2918" status="PASS">
          <params>
            <param index="0">
              <value>
                <![CDATA[admin]]>
              </value>
            </param>
            <param index="1">
              <value>
                <![CDATA[admin]]>
              </value>
            </param>
          </params>
          <reporter-output>
          </reporter-output>
        </test-method> <!-- verifyLoginWithValidCredentials -->
        <test-method is-config="true" signature="tearDown()[pri:0, instance:com.purnadata.qa.testcases.Login@52af26ee]" started-at="2022-12-31T06:18:57 PST" name="tearDown" finished-at="2022-12-31T06:18:57 PST" duration-ms="287" status="PASS">
          <reporter-output>
          </reporter-output>
        </test-method> <!-- tearDown -->
        <test-method is-config="true" signature="setup()[pri:0, instance:com.purnadata.qa.testcases.Login@52af26ee]" started-at="2022-12-31T06:18:57 PST" name="setup" finished-at="2022-12-31T06:19:01 PST" duration-ms="4313" status="PASS">
          <reporter-output>
          </reporter-output>
        </test-method> <!-- setup -->
        <test-method signature="verifyLoginWithInvalidCredentials()[pri:2, instance:com.purnadata.qa.testcases.Login@52af26ee]" started-at="2022-12-31T06:19:01 PST" name="verifyLoginWithInvalidCredentials" finished-at="2022-12-31T06:19:02 PST" duration-ms="618" status="PASS">
          <reporter-output>
          </reporter-output>
        </test-method> <!-- verifyLoginWithInvalidCredentials -->
        <test-method is-config="true" signature="tearDown()[pri:0, instance:com.purnadata.qa.testcases.Login@52af26ee]" started-at="2022-12-31T06:19:02 PST" name="tearDown" finished-at="2022-12-31T06:19:02 PST" duration-ms="251" status="PASS">
          <reporter-output>
          </reporter-output>
        </test-method> <!-- tearDown -->
        <test-method is-config="true" signature="setup()[pri:0, instance:com.purnadata.qa.testcases.Login@52af26ee]" started-at="2022-12-31T06:19:02 PST" name="setup" finished-at="2022-12-31T06:19:05 PST" duration-ms="2545" status="PASS">
          <reporter-output>
          </reporter-output>
        </test-method> <!-- setup -->
        <test-method signature="verifyLoginWithInvalidUsernameAndValidPassword()[pri:3, instance:com.purnadata.qa.testcases.Login@52af26ee]" started-at="2022-12-31T06:19:05 PST" name="verifyLoginWithInvalidUsernameAndValidPassword" finished-at="2022-12-31T06:19:06 PST" duration-ms="705" status="PASS">
          <reporter-output>
          </reporter-output>
        </test-method> <!-- verifyLoginWithInvalidUsernameAndValidPassword -->
        <test-method is-config="true" signature="tearDown()[pri:0, instance:com.purnadata.qa.testcases.Login@52af26ee]" started-at="2022-12-31T06:19:06 PST" name="tearDown" finished-at="2022-12-31T06:19:06 PST" duration-ms="248" status="PASS">
          <reporter-output>
          </reporter-output>
        </test-method> <!-- tearDown -->
        <test-method is-config="true" signature="setup()[pri:0, instance:com.purnadata.qa.testcases.Login@52af26ee]" started-at="2022-12-31T06:19:06 PST" name="setup" finished-at="2022-12-31T06:19:08 PST" duration-ms="2429" status="PASS">
          <reporter-output>
          </reporter-output>
        </test-method> <!-- setup -->
        <test-method signature="verifyLoginWithValidUsernameAndInvalidPassword()[pri:4, instance:com.purnadata.qa.testcases.Login@52af26ee]" started-at="2022-12-31T06:19:08 PST" name="verifyLoginWithValidUsernameAndInvalidPassword" finished-at="2022-12-31T06:19:10 PST" duration-ms="1267" status="PASS">
          <reporter-output>
          </reporter-output>
        </test-method> <!-- verifyLoginWithValidUsernameAndInvalidPassword -->
        <test-method is-config="true" signature="tearDown()[pri:0, instance:com.purnadata.qa.testcases.Login@52af26ee]" started-at="2022-12-31T06:19:10 PST" name="tearDown" finished-at="2022-12-31T06:19:10 PST" duration-ms="254" status="PASS">
          <reporter-output>
          </reporter-output>
        </test-method> <!-- tearDown -->
        <test-method is-config="true" signature="setup()[pri:0, instance:com.purnadata.qa.testcases.Login@52af26ee]" started-at="2022-12-31T06:19:10 PST" name="setup" finished-at="2022-12-31T06:19:12 PST" duration-ms="2710" status="PASS">
          <reporter-output>
          </reporter-output>
        </test-method> <!-- setup -->
        <test-method signature="verifyLoginWithoutProvidingAnything()[pri:5, instance:com.purnadata.qa.testcases.Login@52af26ee]" started-at="2022-12-31T06:19:12 PST" name="verifyLoginWithoutProvidingAnything" finished-at="2022-12-31T06:19:13 PST" duration-ms="420" status="PASS">
          <reporter-output>
          </reporter-output>
        </test-method> <!-- verifyLoginWithoutProvidingAnything -->
        <test-method is-config="true" signature="tearDown()[pri:0, instance:com.purnadata.qa.testcases.Login@52af26ee]" started-at="2022-12-31T06:19:13 PST" name="tearDown" finished-at="2022-12-31T06:19:13 PST" duration-ms="247" status="PASS">
          <reporter-output>
          </reporter-output>
        </test-method> <!-- tearDown -->
      </class> <!-- com.purnadata.qa.testcases.Login -->
      <class name="com.purnadata.qa.testcases.MenuModule">
        <test-method is-config="true" signature="setup()[pri:0, instance:com.purnadata.qa.testcases.MenuModule@d9345cd]" started-at="2022-12-31T06:19:13 PST" name="setup" finished-at="2022-12-31T06:19:18 PST" duration-ms="4890" status="PASS">
          <reporter-output>
          </reporter-output>
        </test-method> <!-- setup -->
        <test-method signature="verifyMenuButtonContainsFiveModule()[pri:1, instance:com.purnadata.qa.testcases.MenuModule@d9345cd]" started-at="2022-12-31T06:19:18 PST" name="verifyMenuButtonContainsFiveModule" finished-at="2022-12-31T06:19:20 PST" duration-ms="2160" status="PASS">
          <reporter-output>
          </reporter-output>
        </test-method> <!-- verifyMenuButtonContainsFiveModule -->
        <test-method is-config="true" signature="tearDown()[pri:0, instance:com.purnadata.qa.testcases.MenuModule@d9345cd]" started-at="2022-12-31T06:19:20 PST" name="tearDown" finished-at="2022-12-31T06:19:21 PST" duration-ms="312" status="PASS">
          <reporter-output>
          </reporter-output>
        </test-method> <!-- tearDown -->
        <test-method is-config="true" signature="setup()[pri:0, instance:com.purnadata.qa.testcases.MenuModule@d9345cd]" started-at="2022-12-31T06:19:21 PST" name="setup" finished-at="2022-12-31T06:19:27 PST" duration-ms="6088" status="PASS">
          <reporter-output>
          </reporter-output>
        </test-method> <!-- setup -->
        <test-method signature="verifyToCreateNewCustomer()[pri:2, instance:com.purnadata.qa.testcases.MenuModule@d9345cd]" started-at="2022-12-31T06:19:27 PST" name="verifyToCreateNewCustomer" finished-at="2022-12-31T06:19:31 PST" duration-ms="4437" status="PASS">
          <reporter-output>
          </reporter-output>
        </test-method> <!-- verifyToCreateNewCustomer -->
        <test-method is-config="true" signature="tearDown()[pri:0, instance:com.purnadata.qa.testcases.MenuModule@d9345cd]" started-at="2022-12-31T06:19:31 PST" name="tearDown" finished-at="2022-12-31T06:19:31 PST" duration-ms="291" status="PASS">
          <reporter-output>
          </reporter-output>
        </test-method> <!-- tearDown -->
        <test-method is-config="true" signature="setup()[pri:0, instance:com.purnadata.qa.testcases.MenuModule@d9345cd]" started-at="2022-12-31T06:19:31 PST" name="setup" finished-at="2022-12-31T06:19:37 PST" duration-ms="6048" status="PASS">
          <reporter-output>
          </reporter-output>
        </test-method> <!-- setup -->
        <test-method signature="verifyToCreateNewSuppier()[pri:3, instance:com.purnadata.qa.testcases.MenuModule@d9345cd]" started-at="2022-12-31T06:19:37 PST" name="verifyToCreateNewSuppier" finished-at="2022-12-31T06:19:47 PST" duration-ms="10073" status="FAIL">
          <exception class="org.openqa.selenium.NoSuchElementException">
            <message>
              <![CDATA[no such element: Unable to locate element: {"method":"css selector","selector":"#username"}
  (Session info: chrome=108.0.5359.125)
For documentation on this error, please visit: https://selenium.dev/exceptions/#no_such_element
Build info: version: '4.7.1', revision: 'c6795baf1a3'
System info: os.name: 'Windows 10', os.arch: 'amd64', os.version: '10.0', java.version: '17.0.5'
Driver info: org.openqa.selenium.chrome.ChromeDriver
Command: [5a077a06ec10aeb66d043c4800e26361, findElement {using=id, value=username}]
Capabilities {acceptInsecureCerts: false, browserName: chrome, browserVersion: 108.0.5359.125, chrome: {chromedriverVersion: 108.0.5359.71 (1e0e3868ee06..., userDataDir: C:\Users\dell\AppData\Local...}, goog:chromeOptions: {debuggerAddress: localhost:62389}, networkConnectionEnabled: false, pageLoadStrategy: normal, platformName: WINDOWS, proxy: Proxy(), se:cdp: ws://localhost:62389/devtoo..., se:cdpVersion: 108.0.5359.125, setWindowRect: true, strictFileInteractability: false, timeouts: {implicit: 0, pageLoad: 300000, script: 30000}, unhandledPromptBehavior: dismiss and notify, webauthn:extension:credBlob: true, webauthn:extension:largeBlob: true, webauthn:virtualAuthenticators: true}
Session ID: 5a077a06ec10aeb66d043c4800e26361]]>
            </message>
            <full-stacktrace>
              <![CDATA[org.openqa.selenium.NoSuchElementException: no such element: Unable to locate element: {"method":"css selector","selector":"#username"}
  (Session info: chrome=108.0.5359.125)
For documentation on this error, please visit: https://selenium.dev/exceptions/#no_such_element
Build info: version: '4.7.1', revision: 'c6795baf1a3'
System info: os.name: 'Windows 10', os.arch: 'amd64', os.version: '10.0', java.version: '17.0.5'
Driver info: org.openqa.selenium.chrome.ChromeDriver
Command: [5a077a06ec10aeb66d043c4800e26361, findElement {using=id, value=username}]
Capabilities {acceptInsecureCerts: false, browserName: chrome, browserVersion: 108.0.5359.125, chrome: {chromedriverVersion: 108.0.5359.71 (1e0e3868ee06..., userDataDir: C:\Users\dell\AppData\Local...}, goog:chromeOptions: {debuggerAddress: localhost:62389}, networkConnectionEnabled: false, pageLoadStrategy: normal, platformName: WINDOWS, proxy: Proxy(), se:cdp: ws://localhost:62389/devtoo..., se:cdpVersion: 108.0.5359.125, setWindowRect: true, strictFileInteractability: false, timeouts: {implicit: 0, pageLoad: 300000, script: 30000}, unhandledPromptBehavior: dismiss and notify, webauthn:extension:credBlob: true, webauthn:extension:largeBlob: true, webauthn:virtualAuthenticators: true}
Session ID: 5a077a06ec10aeb66d043c4800e26361
at java.base/jdk.internal.reflect.NativeConstructorAccessorImpl.newInstance0(Native Method)
at java.base/jdk.internal.reflect.NativeConstructorAccessorImpl.newInstance(NativeConstructorAccessorImpl.java:77)
at java.base/jdk.internal.reflect.DelegatingConstructorAccessorImpl.newInstance(DelegatingConstructorAccessorImpl.java:45)
at java.base/java.lang.reflect.Constructor.newInstanceWithCaller(Constructor.java:499)
at java.base/java.lang.reflect.Constructor.newInstance(Constructor.java:480)
at org.openqa.selenium.remote.codec.w3c.W3CHttpResponseCodec.createException(W3CHttpResponseCodec.java:200)
at org.openqa.selenium.remote.codec.w3c.W3CHttpResponseCodec.decode(W3CHttpResponseCodec.java:133)
at org.openqa.selenium.remote.codec.w3c.W3CHttpResponseCodec.decode(W3CHttpResponseCodec.java:53)
at org.openqa.selenium.remote.HttpCommandExecutor.execute(HttpCommandExecutor.java:184)
at org.openqa.selenium.remote.service.DriverCommandExecutor.invokeExecute(DriverCommandExecutor.java:167)
at org.openqa.selenium.remote.service.DriverCommandExecutor.execute(DriverCommandExecutor.java:142)
at org.openqa.selenium.remote.RemoteWebDriver.execute(RemoteWebDriver.java:551)
at org.openqa.selenium.remote.ElementLocation$ElementFinder$2.findElement(ElementLocation.java:162)
at org.openqa.selenium.remote.ElementLocation.findElement(ElementLocation.java:60)
at org.openqa.selenium.remote.RemoteWebDriver.findElement(RemoteWebDriver.java:367)
at org.openqa.selenium.remote.RemoteWebDriver.findElement(RemoteWebDriver.java:359)
at com.purnadata.qa.testcases.MenuModule.verifyToCreateNewSuppier(MenuModule.java:81)
at java.base/jdk.internal.reflect.NativeMethodAccessorImpl.invoke0(Native Method)
at java.base/jdk.internal.reflect.NativeMethodAccessorImpl.invoke(NativeMethodAccessorImpl.java:77)
at java.base/jdk.internal.reflect.DelegatingMethodAccessorImpl.invoke(DelegatingMethodAccessorImpl.java:43)
at java.base/java.lang.reflect.Method.invoke(Method.java:568)
at org.testng.internal.MethodInvocationHelper.invokeMethod(MethodInvocationHelper.java:133)
at org.testng.internal.TestInvoker.invokeMethod(TestInvoker.java:598)
at org.testng.internal.TestInvoker.invokeTestMethod(TestInvoker.java:173)
at org.testng.internal.MethodRunner.runInSequence(MethodRunner.java:46)
at org.testng.internal.TestInvoker$MethodInvocationAgent.invoke(TestInvoker.java:824)
at org.testng.internal.TestInvoker.invokeTestMethods(TestInvoker.java:146)
at org.testng.internal.TestMethodWorker.invokeTestMethods(TestMethodWorker.java:146)
at org.testng.internal.TestMethodWorker.run(TestMethodWorker.java:128)
at java.base/java.util.ArrayList.forEach(ArrayList.java:1511)
at org.testng.TestRunner.privateRun(TestRunner.java:794)
at org.testng.TestRunner.run(TestRunner.java:596)
at org.testng.SuiteRunner.runTest(SuiteRunner.java:377)
at org.testng.SuiteRunner.runSequentially(SuiteRunner.java:371)
at org.testng.SuiteRunner.privateRun(SuiteRunner.java:332)
at org.testng.SuiteRunner.run(SuiteRunner.java:276)
at org.testng.SuiteRunnerWorker.runSuite(SuiteRunnerWorker.java:53)
at org.testng.SuiteRunnerWorker.run(SuiteRunnerWorker.java:96)
at org.testng.TestNG.runSuitesSequentially(TestNG.java:1212)
at org.testng.TestNG.runSuitesLocally(TestNG.java:1134)
at org.testng.TestNG.runSuites(TestNG.java:1063)
at org.testng.TestNG.run(TestNG.java:1031)
at org.testng.remote.AbstractRemoteTestNG.run(AbstractRemoteTestNG.java:115)
at org.testng.remote.RemoteTestNG.initAndRun(RemoteTestNG.java:251)
at org.testng.remote.RemoteTestNG.main(RemoteTestNG.java:77)
]]>
            </full-stacktrace>
          </exception> <!-- org.openqa.selenium.NoSuchElementException -->
          <reporter-output>
          </reporter-output>
        </test-method> <!-- verifyToCreateNewSuppier -->
        <test-method is-config="true" signature="tearDown()[pri:0, instance:com.purnadata.qa.testcases.MenuModule@d9345cd]" started-at="2022-12-31T06:19:48 PST" name="tearDown" finished-at="2022-12-31T06:19:48 PST" duration-ms="322" status="PASS">
          <reporter-output>
          </reporter-output>
        </test-method> <!-- tearDown -->
        <test-method is-config="true" signature="setup()[pri:0, instance:com.purnadata.qa.testcases.MenuModule@d9345cd]" started-at="2022-12-31T06:19:48 PST" name="setup" finished-at="2022-12-31T06:19:55 PST" duration-ms="6440" status="PASS">
          <reporter-output>
          </reporter-output>
        </test-method> <!-- setup -->
        <test-method signature="veriyAddNewItomInventory()[pri:4, instance:com.purnadata.qa.testcases.MenuModule@d9345cd]" started-at="2022-12-31T06:19:55 PST" name="veriyAddNewItomInventory" finished-at="2022-12-31T06:20:05 PST" duration-ms="10030" status="FAIL">
          <exception class="org.openqa.selenium.NoSuchElementException">
            <message>
              <![CDATA[no such element: Unable to locate element: {"method":"css selector","selector":"#username"}
  (Session info: chrome=108.0.5359.125)
For documentation on this error, please visit: https://selenium.dev/exceptions/#no_such_element
Build info: version: '4.7.1', revision: 'c6795baf1a3'
System info: os.name: 'Windows 10', os.arch: 'amd64', os.version: '10.0', java.version: '17.0.5'
Driver info: org.openqa.selenium.chrome.ChromeDriver
Command: [9936324c228364d3a954278e9daaf778, findElement {using=id, value=username}]
Capabilities {acceptInsecureCerts: false, browserName: chrome, browserVersion: 108.0.5359.125, chrome: {chromedriverVersion: 108.0.5359.71 (1e0e3868ee06..., userDataDir: C:\Users\dell\AppData\Local...}, goog:chromeOptions: {debuggerAddress: localhost:62431}, networkConnectionEnabled: false, pageLoadStrategy: normal, platformName: WINDOWS, proxy: Proxy(), se:cdp: ws://localhost:62431/devtoo..., se:cdpVersion: 108.0.5359.125, setWindowRect: true, strictFileInteractability: false, timeouts: {implicit: 0, pageLoad: 300000, script: 30000}, unhandledPromptBehavior: dismiss and notify, webauthn:extension:credBlob: true, webauthn:extension:largeBlob: true, webauthn:virtualAuthenticators: true}
Session ID: 9936324c228364d3a954278e9daaf778]]>
            </message>
            <full-stacktrace>
              <![CDATA[org.openqa.selenium.NoSuchElementException: no such element: Unable to locate element: {"method":"css selector","selector":"#username"}
  (Session info: chrome=108.0.5359.125)
For documentation on this error, please visit: https://selenium.dev/exceptions/#no_such_element
Build info: version: '4.7.1', revision: 'c6795baf1a3'
System info: os.name: 'Windows 10', os.arch: 'amd64', os.version: '10.0', java.version: '17.0.5'
Driver info: org.openqa.selenium.chrome.ChromeDriver
Command: [9936324c228364d3a954278e9daaf778, findElement {using=id, value=username}]
Capabilities {acceptInsecureCerts: false, browserName: chrome, browserVersion: 108.0.5359.125, chrome: {chromedriverVersion: 108.0.5359.71 (1e0e3868ee06..., userDataDir: C:\Users\dell\AppData\Local...}, goog:chromeOptions: {debuggerAddress: localhost:62431}, networkConnectionEnabled: false, pageLoadStrategy: normal, platformName: WINDOWS, proxy: Proxy(), se:cdp: ws://localhost:62431/devtoo..., se:cdpVersion: 108.0.5359.125, setWindowRect: true, strictFileInteractability: false, timeouts: {implicit: 0, pageLoad: 300000, script: 30000}, unhandledPromptBehavior: dismiss and notify, webauthn:extension:credBlob: true, webauthn:extension:largeBlob: true, webauthn:virtualAuthenticators: true}
Session ID: 9936324c228364d3a954278e9daaf778
at java.base/jdk.internal.reflect.NativeConstructorAccessorImpl.newInstance0(Native Method)
at java.base/jdk.internal.reflect.NativeConstructorAccessorImpl.newInstance(NativeConstructorAccessorImpl.java:77)
at java.base/jdk.internal.reflect.DelegatingConstructorAccessorImpl.newInstance(DelegatingConstructorAccessorImpl.java:45)
at java.base/java.lang.reflect.Constructor.newInstanceWithCaller(Constructor.java:499)
at java.base/java.lang.reflect.Constructor.newInstance(Constructor.java:480)
at org.openqa.selenium.remote.codec.w3c.W3CHttpResponseCodec.createException(W3CHttpResponseCodec.java:200)
at org.openqa.selenium.remote.codec.w3c.W3CHttpResponseCodec.decode(W3CHttpResponseCodec.java:133)
at org.openqa.selenium.remote.codec.w3c.W3CHttpResponseCodec.decode(W3CHttpResponseCodec.java:53)
at org.openqa.selenium.remote.HttpCommandExecutor.execute(HttpCommandExecutor.java:184)
at org.openqa.selenium.remote.service.DriverCommandExecutor.invokeExecute(DriverCommandExecutor.java:167)
at org.openqa.selenium.remote.service.DriverCommandExecutor.execute(DriverCommandExecutor.java:142)
at org.openqa.selenium.remote.RemoteWebDriver.execute(RemoteWebDriver.java:551)
at org.openqa.selenium.remote.ElementLocation$ElementFinder$2.findElement(ElementLocation.java:162)
at org.openqa.selenium.remote.ElementLocation.findElement(ElementLocation.java:60)
at org.openqa.selenium.remote.RemoteWebDriver.findElement(RemoteWebDriver.java:367)
at org.openqa.selenium.remote.RemoteWebDriver.findElement(RemoteWebDriver.java:359)
at com.purnadata.qa.testcases.MenuModule.veriyAddNewItomInventory(MenuModule.java:111)
at java.base/jdk.internal.reflect.NativeMethodAccessorImpl.invoke0(Native Method)
at java.base/jdk.internal.reflect.NativeMethodAccessorImpl.invoke(NativeMethodAccessorImpl.java:77)
at java.base/jdk.internal.reflect.DelegatingMethodAccessorImpl.invoke(DelegatingMethodAccessorImpl.java:43)
at java.base/java.lang.reflect.Method.invoke(Method.java:568)
at org.testng.internal.MethodInvocationHelper.invokeMethod(MethodInvocationHelper.java:133)
at org.testng.internal.TestInvoker.invokeMethod(TestInvoker.java:598)
at org.testng.internal.TestInvoker.invokeTestMethod(TestInvoker.java:173)
at org.testng.internal.MethodRunner.runInSequence(MethodRunner.java:46)
at org.testng.internal.TestInvoker$MethodInvocationAgent.invoke(TestInvoker.java:824)
at org.testng.internal.TestInvoker.invokeTestMethods(TestInvoker.java:146)
at org.testng.internal.TestMethodWorker.invokeTestMethods(TestMethodWorker.java:146)
at org.testng.internal.TestMethodWorker.run(TestMethodWorker.java:128)
at java.base/java.util.ArrayList.forEach(ArrayList.java:1511)
at org.testng.TestRunner.privateRun(TestRunner.java:794)
at org.testng.TestRunner.run(TestRunner.java:596)
at org.testng.SuiteRunner.runTest(SuiteRunner.java:377)
at org.testng.SuiteRunner.runSequentially(SuiteRunner.java:371)
at org.testng.SuiteRunner.privateRun(SuiteRunner.java:332)
at org.testng.SuiteRunner.run(SuiteRunner.java:276)
at org.testng.SuiteRunnerWorker.runSuite(SuiteRunnerWorker.java:53)
at org.testng.SuiteRunnerWorker.run(SuiteRunnerWorker.java:96)
at org.testng.TestNG.runSuitesSequentially(TestNG.java:1212)
at org.testng.TestNG.runSuitesLocally(TestNG.java:1134)
at org.testng.TestNG.runSuites(TestNG.java:1063)
at org.testng.TestNG.run(TestNG.java:1031)
at org.testng.remote.AbstractRemoteTestNG.run(AbstractRemoteTestNG.java:115)
at org.testng.remote.RemoteTestNG.initAndRun(RemoteTestNG.java:251)
at org.testng.remote.RemoteTestNG.main(RemoteTestNG.java:77)
]]>
            </full-stacktrace>
          </exception> <!-- org.openqa.selenium.NoSuchElementException -->
          <reporter-output>
          </reporter-output>
        </test-method> <!-- veriyAddNewItomInventory -->
        <test-method is-config="true" signature="tearDown()[pri:0, instance:com.purnadata.qa.testcases.MenuModule@d9345cd]" started-at="2022-12-31T06:20:05 PST" name="tearDown" finished-at="2022-12-31T06:20:05 PST" duration-ms="309" status="PASS">
          <reporter-output>
          </reporter-output>
        </test-method> <!-- tearDown -->
      </class> <!-- com.purnadata.qa.testcases.MenuModule -->
    </test> <!-- PurnaData Tests -->
  </suite> <!-- PurnaData Automation Suite -->
</testng-results>
